<?xml version="1.0" encoding="UTF-8"?>
<testng-results ignored="0" total="1" passed="1" failed="0" skipped="0">
  <reporter-output>
  </reporter-output>
  <suite started-at="2026-05-26T10:13:00 IST" name="Default suite" finished-at="2026-05-26T10:13:05 IST" duration-ms="4755">
    <groups>
    </groups>
    <test started-at="2026-05-26T10:13:00 IST" name="Default test" finished-at="2026-05-26T10:13:05 IST" duration-ms="4755">
      <class name="google.Search">
        <test-method is-config="true" signature="beforeTest()[pri:0, instance:google.Search@1fa121e2]" started-at="2026-05-26T10:13:00 IST" name="beforeTest" finished-at="2026-05-26T10:13:03 IST" duration-ms="3151" status="PASS">
          <reporter-output>
          </reporter-output>
        </test-method> <!-- beforeTest -->
        <test-method signature="search()[pri:0, instance:google.Search@1fa121e2]" started-at="2026-05-26T10:13:03 IST" name="search" finished-at="2026-05-26T10:13:05 IST" duration-ms="1315" status="PASS">
          <reporter-output>
          </reporter-output>
        </test-method> <!-- search -->
      </class> <!-- google.Search -->
    </test> <!-- Default test -->
  </suite> <!-- Default suite -->
</testng-results>
